INFO      : init Operate_MySQL...
INFO      : init Operate_MySQL...
INFO      : mysql_show_author...
INFO      : init Operate_MySQL...
INFO      : mysql_show_author...
INFO      : init Operate_MySQL...
INFO      : mysql_show_author...
INFO      : init Operate_MySQL...
INFO      : mysql_show_author...
INFO      : init Operate_MySQL...
INFO      : mysql_show_author...
INFO      : init Operate_MySQL...
INFO      : mysql_show_author...
INFO      : init Operate_MySQL...
INFO      : mysql_show_author...
INFO      : init Operate_MySQL...
INFO      : mysql_show_author...
INFO      : init Operate_Ctl...
INFO      : init Operate_MySQL...
INFO      : init Operate_Redis...
INFO      : ctl_add_article
INFO      : ctl_input_check_len
INFO      : ctl_show_authors
INFO      : mysql_show_author...
INFO      : ctl_input_check_len
INFO      : mysql_select_author_by_id...
INFO      : ctl_input_check_len
INFO      : ctl_input_check_len
INFO      : mysql_add_article...
INFO      : mysql_show_article...
INFO      : redis_publish...
INFO      : init Operate_MySQL...
INFO      : init Operate_Redis...
INFO      : init Operate_MySQL...
INFO      : mysql_show_author...
INFO      : redis_subscribe...
INFO      : init Operate_Redis...
INFO      : init Operate_MySQL...
INFO      : mysql_show_author...
INFO      : redis_subscribe...
INFO      : init Operate_Redis...
INFO      : init Operate_MySQL...
INFO      : mysql_show_author...
INFO      : redis_subscribe...
INFO      : init Operate_Redis...
INFO      : init Operate_MySQL...
INFO      : mysql_show_author...
INFO      : redis_subscribe...
INFO      : init Operate_Redis...
INFO      : init Operate_MySQL...
INFO      : mysql_show_author...
INFO      : redis_subscribe...
INFO      : redis_show...
INFO      : init Operate_Ctl...
INFO      : init Operate_MySQL...
INFO      : init Operate_Redis...
INFO      : ctl_del_article
INFO      : ctl_show_articles
INFO      : mysql_show_article...
INFO      : ctl_input_check_len
INFO      : mysql_select_article_by_id...
INFO      : mysql_del_article...
INFO      : init Operate_Ctl...
INFO      : init Operate_MySQL...
INFO      : init Operate_Redis...
INFO      : ctl_add_article
INFO      : ctl_input_check_len
INFO      : ctl_show_authors
INFO      : mysql_show_author...
INFO      : ctl_input_check_len
INFO      : mysql_select_author_by_id...
INFO      : ctl_input_check_len
INFO      : ctl_input_check_len
INFO      : mysql_add_article...
INFO      : mysql_show_article...
INFO      : redis_publish...
INFO      : init Operate_Redis...
INFO      : init Operate_MySQL...
INFO      : mysql_show_author...
INFO      : redis_subscribe...
INFO      : redis_show...
INFO      : init Operate_Ctl...
INFO      : init Operate_MySQL...
INFO      : init Operate_Redis...
INFO      : ctl_add_article
INFO      : ctl_input_check_len
INFO      : ctl_show_authors
INFO      : mysql_show_author...
INFO      : ctl_input_check_len
INFO      : mysql_select_author_by_id...
INFO      : ctl_input_check_len
INFO      : ctl_input_check_len
INFO      : mysql_add_article...
INFO      : mysql_show_article...
INFO      : redis_publish...
INFO      : init Operate_Ctl...
INFO      : init Operate_MySQL...
INFO      : init Operate_Redis...
INFO      : ctl_add_article
INFO      : ctl_input_check_len
INFO      : init Operate_Redis...
INFO      : init Operate_MySQL...
INFO      : mysql_show_author...
INFO      : redis_subscribe...
INFO      : redis_show...
INFO      : init Operate_Ctl...
INFO      : init Operate_MySQL...
INFO      : init Operate_Redis...
INFO      : ctl_add_article
INFO      : ctl_input_check_len
INFO      : ctl_show_authors
INFO      : mysql_show_author...
INFO      : ctl_input_check_len
INFO      : mysql_select_author_by_id...
INFO      : ctl_input_check_len
INFO      : ctl_input_check_len
INFO      : mysql_add_article...
INFO      : mysql_show_article...
INFO      : redis_publish...
INFO      : init Operate_Ctl...
INFO      : init Operate_MySQL...
INFO      : init Operate_Redis...
INFO      : ctl_add_article
INFO      : ctl_input_check_len
INFO      : ctl_show_authors
INFO      : mysql_show_author...
INFO      : ctl_input_check_len
INFO      : mysql_select_author_by_id...
INFO      : ctl_input_check_len
INFO      : ctl_input_check_len
INFO      : init Operate_Ctl...
INFO      : init Operate_MySQL...
INFO      : init Operate_Redis...
INFO      : ctl_del_article
INFO      : ctl_show_articles
INFO      : mysql_show_article...
INFO      : ctl_input_check_len
INFO      : mysql_select_article_by_id...
INFO      : mysql_del_article...
INFO      : init Operate_Ctl...
INFO      : init Operate_MySQL...
INFO      : init Operate_Redis...
INFO      : ctl_del_article
INFO      : ctl_show_articles
INFO      : mysql_show_article...
INFO      : ctl_input_check_len
INFO      : mysql_select_article_by_id...
INFO      : mysql_del_article...
INFO      : init Operate_Ctl...
INFO      : init Operate_MySQL...
INFO      : init Operate_Redis...
INFO      : ctl_del_article
INFO      : ctl_show_articles
INFO      : mysql_show_article...
INFO      : ctl_input_check_len
INFO      : mysql_select_article_by_id...
INFO      : mysql_del_article...
INFO      : init Operate_MySQL...
WARNING   : name 'str_author_id' is not defined
INFO      : init Operate_MySQL...
INFO      : mysql_select_author_by_id...
INFO      : init Operate_MySQL...
INFO      : mysql_select_author_by_id...
INFO      : init Operate_Redis...
INFO      : init Operate_MySQL...
INFO      : mysql_show_author...
INFO      : redis_subscribe...
INFO      : redis_show...
INFO      : init Operate_Ctl...
INFO      : init Operate_MySQL...
INFO      : init Operate_Redis...
INFO      : ctl_add_article
INFO      : ctl_input_check_len
INFO      : init Operate_Ctl...
INFO      : init Operate_MySQL...
INFO      : init Operate_Redis...
INFO      : ctl_add_article
INFO      : ctl_input_check_len
INFO      : ctl_show_authors
INFO      : mysql_show_author...
INFO      : ctl_input_check_len
INFO      : mysql_select_author_by_id...
INFO      : ctl_input_check_len
INFO      : ctl_input_check_len
INFO      : mysql_add_article...
INFO      : mysql_show_article...
INFO      : mysql_select_author_by_id...
INFO      : redis_publish...
INFO      : init Operate_Ctl...
INFO      : init Operate_MySQL...
INFO      : init Operate_Redis...
INFO      : ctl_add_article
INFO      : ctl_input_check_len
INFO      : ctl_show_authors
INFO      : mysql_show_author...
INFO      : ctl_input_check_len
INFO      : mysql_select_author_by_id...
INFO      : ctl_input_check_len
INFO      : ctl_input_check_len
INFO      : mysql_add_article...
INFO      : mysql_show_article...
INFO      : mysql_select_author_by_id...
INFO      : redis_publish...
INFO      : init Operate_HTTPServer...
INFO      : init Operate_Redis...
INFO      : server_start...
WARNING   : name 'socket' is not defined
INFO      : init Operate_Ctl...
INFO      : init Operate_MySQL...
INFO      : init Operate_Redis...
INFO      : ctl_show_articles
INFO      : mysql_show_article...
INFO      : init Operate_RabbitMQ...
WARNING   : 'Operate_RabbitMQ' object has no attribute 'callback'
INFO      : init Operate_RabbitMQ...
WARNING   : name 'math' is not defined
INFO      : init Operate_RabbitMQ...
WARNING   : name 'boobj_bodydy' is not defined
INFO      : init Operate_RabbitMQ...
WARNING   : 'BasicProperties' object has no attribute 'basic_publish'
INFO      : init Operate_RabbitMQ...
WARNING   : 'BasicProperties' object has no attribute 'basic_publish'
INFO      : init Operate_RabbitMQ...
INFO      : init Operate_RabbitMQ...
INFO      : init Operate_RabbitMQ...
INFO      : init Rabbitmq_Base...
INFO      : make_connect...
WARNING   : Connection to 192.168.247.130:5672 failed: timeout
INFO      : init Operate_RabbitMQ...
INFO      : init Rabbitmq_Base...
INFO      : make_connect...
WARNING   : 'Operate_RabbitMQ' object has no attribute 'connection'
INFO      : init Operate_RabbitMQ...
INFO      : init Rabbitmq_Base...
INFO      : make_connect...
WARNING   : 'Operate_RabbitMQ' object has no attribute 'connection'
INFO      : init Operate_RabbitMQ...
INFO      : init Rabbitmq_Base...
INFO      : make_connect...
INFO      : make_queue...
INFO      : consume...
WARNING   : 'Operate_RabbitMQ' object has no attribute 'channel'
INFO      : init Operate_RabbitMQ...
INFO      : init Rabbitmq_Base...
INFO      : make_connect...
INFO      : make_queue...
INFO      : consume...
INFO      : init Rabbitmq_Base...
INFO      : make_connect...
INFO      : init Rabbitmq_Base...
INFO      : make_connect...
INFO      : init Rabbitmq_Base...
INFO      : make_connect...
INFO      : make_random_queue...
INFO      : init Operate_RabbitMQ...
INFO      : init Rabbitmq_Base...
INFO      : make_connect...
INFO      : init Operate_MySQL...
INFO      : make_queue...
INFO      : consume...
INFO      : init Operate_RabbitMQ...
INFO      : init Rabbitmq_Base...
INFO      : make_connect...
INFO      : make_random_queue...
INFO      : init Operate_RabbitMQ...
INFO      : init Rabbitmq_Base...
INFO      : make_connect...
INFO      : make_random_queue...
INFO      : init Operate_RabbitMQ...
INFO      : init Rabbitmq_Base...
INFO      : make_connect...
INFO      : make_random_queue...
INFO      : call...
INFO      : callback...
WARNING   : name 'article' is not defined
INFO      : init Operate_RabbitMQ...
INFO      : init Rabbitmq_Base...
INFO      : make_connect...
INFO      : init Operate_MySQL...
INFO      : make_queue...
INFO      : consume...
INFO      : callback...
INFO      : article...
INFO      : mysql_select_article_by_id...
INFO      : init Operate_RabbitMQ...
INFO      : init Rabbitmq_Base...
INFO      : make_connect...
INFO      : init Operate_MySQL...
INFO      : make_queue...
INFO      : consume...
INFO      : callback...
INFO      : article...
INFO      : mysql_select_article_by_id...
INFO      : init Operate_RabbitMQ...
INFO      : init Rabbitmq_Base...
INFO      : make_connect...
INFO      : init Operate_MySQL...
INFO      : make_queue...
INFO      : consume...
INFO      : callback...
INFO      : article...
INFO      : mysql_select_article_by_id...
WARNING   : 'result' object has no attribute 'title'
INFO      : init Operate_RabbitMQ...
INFO      : init Rabbitmq_Base...
INFO      : make_connect...
INFO      : init Operate_MySQL...
INFO      : make_queue...
INFO      : consume...
INFO      : callback...
INFO      : article...
INFO      : mysql_select_article_by_id...
INFO      : callback...
INFO      : init Operate_RabbitMQ...
INFO      : init Rabbitmq_Base...
INFO      : make_connect...
INFO      : init Operate_MySQL...
INFO      : make_queue...
INFO      : consume...
INFO      : init Operate_RabbitMQ...
INFO      : init Rabbitmq_Base...
INFO      : make_connect...
INFO      : make_random_queue...
INFO      : call...
INFO      : callback...
INFO      : article...
INFO      : mysql_select_article_by_id...
WARNING   : 'str' object has no attribute 'decode'
INFO      : init Operate_RabbitMQ...
INFO      : init Rabbitmq_Base...
INFO      : make_connect...
INFO      : init Operate_MySQL...
INFO      : make_queue...
INFO      : consume...
INFO      : callback...
INFO      : article...
INFO      : mysql_select_article_by_id...
WARNING   : 'str' object has no attribute 'decode'
INFO      : init Operate_RabbitMQ...
INFO      : init Rabbitmq_Base...
INFO      : make_connect...
INFO      : init Operate_MySQL...
INFO      : make_queue...
INFO      : consume...
INFO      : callback...
INFO      : article...
INFO      : mysql_select_article_by_id...
WARNING   : 'str' object has no attribute 'decode'
INFO      : init Operate_RabbitMQ...
INFO      : init Rabbitmq_Base...
INFO      : make_connect...
INFO      : init Operate_MySQL...
INFO      : make_queue...
INFO      : consume...
INFO      : callback...
INFO      : article...
INFO      : mysql_select_article_by_id...
WARNING   : basic_publish() got an unexpected keyword argument 'encoding'
INFO      : init Operate_RabbitMQ...
INFO      : init Rabbitmq_Base...
INFO      : make_connect...
INFO      : init Operate_MySQL...
INFO      : make_queue...
INFO      : consume...
INFO      : callback...
INFO      : article...
INFO      : mysql_select_article_by_id...
INFO      : callback...
INFO      : init Operate_RabbitMQ...
INFO      : init Rabbitmq_Base...
INFO      : make_connect...
INFO      : init Operate_MySQL...
INFO      : make_queue...
INFO      : consume...
INFO      : init Operate_RabbitMQ...
INFO      : init Rabbitmq_Base...
INFO      : make_connect...
INFO      : make_random_queue...
INFO      : call...
INFO      : callback...
INFO      : article...
INFO      : mysql_select_article_by_id...
INFO      : callback...
INFO      : init Operate_RabbitMQ...
INFO      : init Rabbitmq_Base...
INFO      : make_connect...
INFO      : make_random_queue...
INFO      : call...
INFO      : callback...
INFO      : article...
INFO      : mysql_select_article_by_id...
INFO      : callback...
INFO      : init Operate_RabbitMQ...
INFO      : init Rabbitmq_Base...
INFO      : make_connect...
INFO      : init Operate_MySQL...
INFO      : make_queue...
INFO      : consume...
INFO      : init Operate_RabbitMQ...
INFO      : init Rabbitmq_Base...
INFO      : make_connect...
INFO      : make_random_queue...
INFO      : call...
INFO      : callback...
INFO      : article...
INFO      : mysql_select_article_by_id...
WARNING   : basic_publish() got an unexpected keyword argument 'contentEncoding'
INFO      : init Operate_RabbitMQ...
INFO      : init Rabbitmq_Base...
INFO      : make_connect...
INFO      : init Operate_MySQL...
INFO      : make_queue...
INFO      : consume...
INFO      : callback...
INFO      : article...
INFO      : mysql_select_article_by_id...
WARNING   : __init__() got an unexpected keyword argument 'contentEncoding'
INFO      : init Operate_RabbitMQ...
INFO      : init Rabbitmq_Base...
INFO      : make_connect...
INFO      : init Operate_MySQL...
INFO      : make_queue...
INFO      : consume...
INFO      : callback...
INFO      : article...
INFO      : mysql_select_article_by_id...
INFO      : callback...
INFO      : init Operate_RabbitMQ...
INFO      : init Rabbitmq_Base...
INFO      : make_connect...
INFO      : make_random_queue...
INFO      : call...
INFO      : callback...
INFO      : article...
INFO      : mysql_select_article_by_id...
INFO      : callback...
INFO      : init Operate_RabbitMQ...
INFO      : init Rabbitmq_Base...
INFO      : make_connect...
INFO      : init Operate_MySQL...
INFO      : make_queue...
INFO      : consume...
INFO      : init Operate_RabbitMQ...
INFO      : init Rabbitmq_Base...
INFO      : make_connect...
INFO      : make_random_queue...
INFO      : call...
INFO      : callback...
INFO      : article...
INFO      : mysql_select_article_by_id...
INFO      : callback...
INFO      : init Operate_RabbitMQ...
INFO      : init Rabbitmq_Base...
INFO      : make_connect...
INFO      : init Operate_MySQL...
INFO      : make_queue...
INFO      : consume...
INFO      : init Operate_RabbitMQ...
INFO      : init Rabbitmq_Base...
INFO      : make_connect...
INFO      : make_random_queue...
INFO      : call...
INFO      : callback...
INFO      : article...
INFO      : mysql_select_article_by_id...
INFO      : callback...
INFO      : init Operate_RabbitMQ...
INFO      : init Rabbitmq_Base...
INFO      : make_connect...
INFO      : make_random_queue...
INFO      : call...
INFO      : callback...
INFO      : article...
INFO      : mysql_select_article_by_id...
INFO      : callback...
INFO      : init Operate_RabbitMQ...
INFO      : init Rabbitmq_Base...
INFO      : make_connect...
INFO      : make_random_queue...
INFO      : call...
INFO      : callback...
INFO      : article...
INFO      : mysql_select_article_by_id...
INFO      : callback...
INFO      : init Operate_RabbitMQ...
INFO      : init Rabbitmq_Base...
INFO      : make_connect...
INFO      : make_random_queue...
INFO      : call...
INFO      : callback...
INFO      : article...
INFO      : mysql_select_article_by_id...
INFO      : callback...
INFO      : init Operate_RabbitMQ...
INFO      : init Rabbitmq_Base...
INFO      : make_connect...
INFO      : make_random_queue...
INFO      : call...
INFO      : callback...
INFO      : article...
INFO      : mysql_select_article_by_id...
INFO      : callback...
INFO      : init Operate_RabbitMQ...
INFO      : init Rabbitmq_Base...
INFO      : make_connect...
INFO      : make_random_queue...
INFO      : call...
INFO      : callback...
INFO      : article...
INFO      : mysql_select_article_by_id...
INFO      : callback...
INFO      : init Operate_RabbitMQ...
INFO      : init Rabbitmq_Base...
INFO      : make_connect...
INFO      : make_random_queue...
INFO      : call...
INFO      : callback...
INFO      : article...
INFO      : mysql_select_article_by_id...
WARNING   : list index out of range
INFO      : init Operate_RabbitMQ...
INFO      : init Rabbitmq_Base...
INFO      : make_connect...
INFO      : init Operate_MySQL...
INFO      : make_queue...
INFO      : consume...
INFO      : callback...
INFO      : article...
INFO      : init Operate_RabbitMQ...
INFO      : init Rabbitmq_Base...
INFO      : make_connect...
INFO      : init Operate_MySQL...
INFO      : make_queue...
INFO      : consume...
INFO      : callback...
INFO      : article...
INFO      : mysql_select_article_by_id...
INFO      : callback...
INFO      : init Operate_RabbitMQ...
INFO      : init Rabbitmq_Base...
INFO      : make_connect...
INFO      : make_random_queue...
INFO      : call...
INFO      : callback...
INFO      : article...
INFO      : mysql_select_article_by_id...
INFO      : callback...
INFO      : init Operate_RabbitMQ...
INFO      : init Rabbitmq_Base...
INFO      : make_connect...
INFO      : make_random_queue...
INFO      : call...
INFO      : callback...
INFO      : article...
INFO      : mysql_select_article_by_id...
INFO      : callback...
