INFO      : init Operate_Ctl...
INFO      : init Operate_Ctl...
INFO      : init Operate_Ctl...
INFO      : init Operate_MySQL...
INFO      : add_author
WARNING   : name 'obj_mysql' is not defined
INFO      : init Operate_Ctl...
INFO      : init Operate_MySQL...
INFO      : add_author
INFO      : mysql_add_author...
WARNING   : 'Logger' object has no attribute 'warnnig'
INFO      : init Operate_Ctl...
INFO      : init Operate_MySQL...
INFO      : add_author
INFO      : mysql_add_author...
WARNING   : 添加作者失败
INFO      : init Operate_Ctl...
INFO      : init Operate_MySQL...
INFO      : add_author
INFO      : mysql_add_author...
INFO      : init Operate_Ctl...
INFO      : init Operate_MySQL...
INFO      : add_author
INFO      : mysql_add_author...
INFO      : init Operate_Ctl...
INFO      : init Operate_MySQL...
INFO      : show_author
INFO      : mysql_show_author...
INFO      : init Operate_Ctl...
INFO      : init Operate_MySQL...
INFO      : add_author
INFO      : mysql_add_author...
INFO      : init Operate_Ctl...
INFO      : init Operate_MySQL...
INFO      : show_author
INFO      : mysql_show_author...
INFO      : init Operate_Ctl...
INFO      : init Operate_MySQL...
INFO      : show_author
INFO      : mysql_show_author...
INFO      : init Operate_Ctl...
INFO      : init Operate_MySQL...
INFO      : add_author
INFO      : mysql_add_author...
WARNING   : 添加作者失败
INFO      : init Operate_Ctl...
INFO      : init Operate_MySQL...
INFO      : add_author
INFO      : mysql_add_author...
WARNING   : 添加作者失败
INFO      : 创建数据表：authors、articles
INFO      : init Operate_Ctl...
INFO      : init Operate_MySQL...
INFO      : add_author
INFO      : mysql_add_author...
INFO      : init Operate_Ctl...
INFO      : init Operate_MySQL...
INFO      : show_author
INFO      : mysql_show_author...
INFO      : 创建数据表：authors、articles
INFO      : init Operate_Ctl...
INFO      : init Operate_MySQL...
INFO      : add_author
INFO      : mysql_add_author...
INFO      : init Operate_Ctl...
INFO      : init Operate_MySQL...
INFO      : show_author
INFO      : mysql_show_author...
INFO      : 创建数据表：authors、articles
INFO      : init Operate_Ctl...
INFO      : init Operate_MySQL...
INFO      : add_author
INFO      : mysql_add_author...
WARNING   : Column type NUMERIC(10) on column 'authors.author_id' is not compatible with autoincrement=True
INFO      : 创建数据表：authors、articles
INFO      : init Operate_Ctl...
INFO      : init Operate_MySQL...
INFO      : add_author
INFO      : mysql_add_author...
WARNING   : 添加作者失败
INFO      : 创建数据表：authors、articles
INFO      : init Operate_Ctl...
INFO      : init Operate_MySQL...
INFO      : add_author
INFO      : mysql_add_author...
INFO      : init Operate_Ctl...
INFO      : init Operate_MySQL...
INFO      : show_author
INFO      : mysql_show_author...
INFO      : init Operate_Ctl...
INFO      : init Operate_MySQL...
INFO      : add_author
INFO      : mysql_add_author...
INFO      : init Operate_Ctl...
INFO      : init Operate_MySQL...
INFO      : show_author
INFO      : mysql_show_author...
INFO      : init Operate_Ctl...
INFO      : init Operate_MySQL...
INFO      : show_author
INFO      : mysql_show_author...
INFO      : init Operate_Ctl...
INFO      : init Operate_MySQL...
INFO      : add_author
INFO      : mysql_add_author...
INFO      : init Operate_Ctl...
INFO      : init Operate_MySQL...
INFO      : show_author
INFO      : mysql_show_author...
INFO      : init Operate_Ctl...
INFO      : init Operate_MySQL...
INFO      : show_author
INFO      : mysql_show_author...
INFO      : init Operate_Ctl...
INFO      : init Operate_MySQL...
INFO      : show_author
INFO      : mysql_show_author...
INFO      : init Operate_Ctl...
INFO      : init Operate_MySQL...
INFO      : show_author
INFO      : mysql_show_author...
INFO      : init Operate_Ctl...
INFO      : init Operate_MySQL...
INFO      : show_authors
INFO      : mysql_show_author...
INFO      : init Operate_Ctl...
INFO      : init Operate_MySQL...
INFO      : add_article
WARNING   : mysql_add_article() missing 1 required positional argument: 'str_comment'
INFO      : init Operate_Ctl...
INFO      : init Operate_MySQL...
INFO      : add_author
INFO      : mysql_add_author...
INFO      : mysql_show_author...
INFO      : init Operate_Ctl...
INFO      : init Operate_MySQL...
INFO      : show_authors
INFO      : mysql_show_author...
INFO      : init Operate_Ctl...
INFO      : init Operate_MySQL...
INFO      : show_authors
INFO      : mysql_show_author...
INFO      : init Operate_Ctl...
INFO      : init Operate_MySQL...
INFO      : del_author
INFO      : show_authors
INFO      : mysql_show_author...
WARNING   : invalid literal for int() with base 10: ''
INFO      : init Operate_Ctl...
INFO      : init Operate_MySQL...
INFO      : del_author
INFO      : show_authors
INFO      : mysql_show_author...
INFO      : mysql_del_author...
WARNING   : 删除作者失败
INFO      : init Operate_Ctl...
INFO      : init Operate_MySQL...
INFO      : show_authors
INFO      : mysql_show_author...
INFO      : init Operate_Ctl...
INFO      : init Operate_MySQL...
INFO      : del_author
INFO      : show_authors
INFO      : mysql_show_author...
INFO      : mysql_del_author...
WARNING   : 删除作者失败
INFO      : init Operate_Ctl...
INFO      : init Operate_MySQL...
INFO      : del_author
INFO      : show_authors
INFO      : mysql_show_author...
INFO      : mysql_del_author...
INFO      : init Operate_Ctl...
INFO      : init Operate_MySQL...
INFO      : del_author
INFO      : show_authors
INFO      : mysql_show_author...
INFO      : mysql_del_author...
WARNING   : 删除作者失败
INFO      : init Operate_Ctl...
INFO      : init Operate_MySQL...
INFO      : del_author
INFO      : show_authors
INFO      : mysql_show_author...
INFO      : mysql_del_author...
INFO      : init Operate_Ctl...
INFO      : init Operate_MySQL...
INFO      : del_author
INFO      : show_authors
INFO      : mysql_show_author...
INFO      : mysql_del_author...
INFO      : init Operate_Ctl...
INFO      : init Operate_MySQL...
INFO      : show_authors
INFO      : mysql_show_author...
INFO      : init Operate_Ctl...
INFO      : init Operate_MySQL...
INFO      : del_author
INFO      : show_authors
INFO      : mysql_show_author...
INFO      : mysql_del_author...
INFO      : init Operate_Ctl...
INFO      : init Operate_MySQL...
INFO      : del_author
INFO      : show_authors
INFO      : mysql_show_author...
INFO      : mysql_del_author...
INFO      : init Operate_Ctl...
INFO      : init Operate_MySQL...
INFO      : del_author
INFO      : show_authors
INFO      : mysql_show_author...
INFO      : mysql_del_author...
WARNING   : 删除作者失败
INFO      : init Operate_Ctl...
INFO      : init Operate_MySQL...
INFO      : del_author
INFO      : show_authors
INFO      : mysql_show_author...
INFO      : mysql_del_author...
INFO      : init Operate_Ctl...
INFO      : init Operate_MySQL...
INFO      : del_author
INFO      : show_authors
INFO      : mysql_show_author...
INFO      : mysql_del_author...
INFO      : init Operate_Ctl...
INFO      : init Operate_MySQL...
INFO      : del_author
INFO      : show_authors
INFO      : mysql_show_author...
INFO      : mysql_del_author...
INFO      : init Operate_Ctl...
INFO      : init Operate_MySQL...
INFO      : show_authors
INFO      : mysql_show_author...
INFO      : init Operate_Ctl...
INFO      : init Operate_MySQL...
INFO      : del_author
INFO      : show_authors
INFO      : mysql_show_author...
INFO      : mysql_del_author...
INFO      : init Operate_Ctl...
INFO      : init Operate_MySQL...
INFO      : del_author
INFO      : show_authors
INFO      : mysql_show_author...
INFO      : mysql_del_author...
INFO      : init Operate_Ctl...
INFO      : init Operate_MySQL...
INFO      : del_author
INFO      : show_authors
INFO      : mysql_show_author...
INFO      : mysql_del_author...
WARNING   : 删除作者失败
INFO      : init Operate_Ctl...
INFO      : init Operate_MySQL...
INFO      : del_author
INFO      : show_authors
INFO      : mysql_show_author...
INFO      : mysql_del_author...
INFO      : init Operate_Ctl...
INFO      : init Operate_MySQL...
INFO      : show_authors
INFO      : mysql_show_author...
INFO      : init Operate_Ctl...
INFO      : init Operate_MySQL...
INFO      : del_author
INFO      : show_authors
INFO      : mysql_show_author...
INFO      : mysql_del_author...
WARNING   : 删除作者失败
INFO      : init Operate_Ctl...
INFO      : init Operate_MySQL...
INFO      : del_author
INFO      : show_authors
INFO      : mysql_show_author...
INFO      : mysql_del_author...
WARNING   : 删除作者失败
INFO      : init Operate_Ctl...
INFO      : init Operate_MySQL...
INFO      : del_author
INFO      : show_authors
INFO      : mysql_show_author...
INFO      : mysql_del_author...
INFO      : init Operate_Ctl...
INFO      : init Operate_MySQL...
INFO      : del_author
INFO      : show_authors
INFO      : mysql_show_author...
INFO      : mysql_del_author...
INFO      : init Operate_Ctl...
INFO      : init Operate_MySQL...
INFO      : show_authors
INFO      : mysql_show_author...
INFO      : init Operate_Ctl...
INFO      : init Operate_MySQL...
INFO      : del_author
INFO      : show_authors
INFO      : mysql_show_author...
INFO      : mysql_del_author...
INFO      : init Operate_Ctl...
INFO      : init Operate_MySQL...
INFO      : show_authors
INFO      : mysql_show_author...
INFO      : init Operate_Ctl...
INFO      : init Operate_MySQL...
INFO      : show_authors
INFO      : mysql_show_author...
INFO      : init Operate_Ctl...
INFO      : init Operate_MySQL...
INFO      : show_articles
INFO      : mysql_show_article...
INFO      : init Operate_Ctl...
INFO      : init Operate_MySQL...
INFO      : add_article
INFO      : show_authors
INFO      : mysql_show_author...
INFO      : mysql_add_article...
WARNING   : 添加文章失败
INFO      : mysql_show_article...
INFO      : init Operate_Ctl...
INFO      : init Operate_MySQL...
INFO      : add_article
INFO      : show_authors
INFO      : mysql_show_author...
INFO      : mysql_add_article...
WARNING   : 添加文章失败
INFO      : mysql_show_article...
INFO      : init Operate_Ctl...
INFO      : init Operate_MySQL...
INFO      : add_article
INFO      : show_authors
INFO      : mysql_show_author...
INFO      : mysql_add_article...
INFO      : mysql_show_article...
INFO      : init Operate_Ctl...
INFO      : init Operate_MySQL...
INFO      : show_articles
INFO      : mysql_show_article...
INFO      : init Operate_Ctl...
INFO      : init Operate_MySQL...
INFO      : del_author
INFO      : show_authors
INFO      : mysql_show_author...
INFO      : mysql_del_author...
INFO      : init Operate_Ctl...
INFO      : init Operate_MySQL...
INFO      : show_authors
INFO      : mysql_show_author...
INFO      : init Operate_Ctl...
INFO      : init Operate_MySQL...
INFO      : show_articles
INFO      : mysql_show_article...
INFO      : init Operate_Ctl...
INFO      : init Operate_MySQL...
INFO      : add_article
INFO      : show_authors
INFO      : mysql_show_author...
INFO      : mysql_add_article...
INFO      : mysql_show_article...
INFO      : init Operate_Ctl...
INFO      : init Operate_MySQL...
INFO      : show_articles
INFO      : mysql_show_article...
INFO      : init Operate_Ctl...
INFO      : init Operate_MySQL...
INFO      : show_articles
INFO      : mysql_show_article...
WARNING   : Neither 'BinaryExpression' object nor 'Comparator' object has an attribute 'selectable'
INFO      : init Operate_Ctl...
INFO      : init Operate_MySQL...
INFO      : show_articles
INFO      : mysql_show_article...
WARNING   : Neither 'BinaryExpression' object nor 'Comparator' object has an attribute 'selectable'
INFO      : init Operate_Ctl...
INFO      : init Operate_MySQL...
INFO      : show_articles
INFO      : mysql_show_article...
WARNING   : Could not find a FROM clause to join from.  Tried joining to <class '__main__.Model_Authors'>, but got: Can't find any foreign key relationships between 'articles' and 'authors'.
INFO      : 创建数据表：authors、articles
INFO      : init Operate_Ctl...
INFO      : init Operate_MySQL...
INFO      : add_author
INFO      : mysql_add_author...
WARNING   : 添加作者失败
INFO      : mysql_show_author...
WARNING   : One or more mappers failed to initialize - can't proceed with initialization of other mappers. Triggering mapper: 'Mapper|Model_Articles|articles'. Original exception was: Mapper 'Mapper|Model_Authors|authors' has no property 'articles'
INFO      : 创建数据表：authors、articles
INFO      : init Operate_Ctl...
INFO      : init Operate_MySQL...
INFO      : add_author
INFO      : mysql_add_author...
INFO      : mysql_show_author...
INFO      : init Operate_Ctl...
INFO      : init Operate_MySQL...
INFO      : add_article
INFO      : show_authors
INFO      : mysql_show_author...
INFO      : mysql_add_article...
INFO      : mysql_show_article...
WARNING   : 'function' object has no attribute 'join'
INFO      : init Operate_Ctl...
INFO      : init Operate_MySQL...
INFO      : show_articles
INFO      : mysql_show_article...
WARNING   : 'function' object has no attribute 'join'
INFO      : init Operate_Ctl...
INFO      : init Operate_MySQL...
INFO      : show_authors
INFO      : mysql_show_author...
INFO      : init Operate_Ctl...
INFO      : init Operate_MySQL...
INFO      : show_authors
INFO      : mysql_show_author...
INFO      : init Operate_Ctl...
INFO      : init Operate_MySQL...
INFO      : show_articles
INFO      : mysql_show_article...
WARNING   : No entities to join from; please use select_from() to establish the left entity/selectable of this join
INFO      : init Operate_Ctl...
INFO      : init Operate_MySQL...
INFO      : show_articles
INFO      : mysql_show_article...
WARNING   : Neither 'BinaryExpression' object nor 'Comparator' object has an attribute 'selectable'
INFO      : init Operate_Ctl...
INFO      : init Operate_MySQL...
INFO      : show_articles
INFO      : mysql_show_article...
WARNING   : Can't join table/selectable 'articles' to itself
INFO      : init Operate_Ctl...
INFO      : init Operate_MySQL...
INFO      : show_articles
INFO      : mysql_show_article...
WARNING   : Can't join table/selectable 'articles' to itself
INFO      : init Operate_Ctl...
INFO      : init Operate_MySQL...
INFO      : show_articles
INFO      : mysql_show_article...
INFO      : init Operate_Ctl...
INFO      : init Operate_MySQL...
INFO      : show_articles
INFO      : mysql_show_article...
WARNING   : 'Model_Articles' object has no attribute 'name'
INFO      : init Operate_Ctl...
INFO      : init Operate_MySQL...
INFO      : del_author
INFO      : show_authors
INFO      : mysql_show_author...
INFO      : init Operate_Ctl...
INFO      : init Operate_MySQL...
INFO      : show_articles
INFO      : mysql_show_article...
INFO      : init Operate_Ctl...
INFO      : init Operate_MySQL...
INFO      : show_articles
INFO      : mysql_show_article...
WARNING   : 'result' object has no attribute 'article_id'
INFO      : init Operate_Ctl...
INFO      : init Operate_MySQL...
INFO      : show_articles
INFO      : mysql_show_article...
INFO      : init Operate_Ctl...
INFO      : init Operate_MySQL...
INFO      : show_articles
INFO      : mysql_show_article...
WARNING   : 'result' object has no attribute 'comment'
INFO      : init Operate_Ctl...
INFO      : init Operate_MySQL...
INFO      : show_articles
INFO      : mysql_show_article...
INFO      : init Operate_Ctl...
INFO      : init Operate_MySQL...
INFO      : show_articles
INFO      : mysql_show_article...
INFO      : init Operate_Ctl...
INFO      : init Operate_MySQL...
INFO      : show_authors
INFO      : mysql_show_author...
INFO      : init Operate_Ctl...
INFO      : init Operate_MySQL...
INFO      : show_articles
INFO      : mysql_show_article...
INFO      : init Operate_Ctl...
INFO      : init Operate_MySQL...
INFO      : show_articles
INFO      : mysql_show_article...
INFO      : init Operate_Ctl...
INFO      : init Operate_MySQL...
INFO      : show_articles
INFO      : mysql_show_article...
INFO      : init Operate_Ctl...
INFO      : init Operate_MySQL...
INFO      : show_articles
INFO      : mysql_show_article...
INFO      : init Operate_Ctl...
INFO      : init Operate_MySQL...
INFO      : add_author
INFO      : mysql_add_author...
INFO      : mysql_show_author...
INFO      : init Operate_Ctl...
INFO      : init Operate_MySQL...
INFO      : show_authors
INFO      : mysql_show_author...
INFO      : init Operate_Ctl...
INFO      : init Operate_MySQL...
INFO      : show_authors
INFO      : mysql_show_author...
INFO      : start
INFO      : init Operate_Ctl...
INFO      : init Operate_MySQL...
INFO      : ctl_add_author
INFO      : ctl_input_check_len
INFO      : init Operate_Ctl...
INFO      : init Operate_MySQL...
INFO      : ctl_show_authors
INFO      : mysql_show_author...
INFO      : init Operate_Ctl...
INFO      : init Operate_MySQL...
WARNING   : ctl_input_check_id() missing 2 required positional arguments: 'str_info' and 'int_type'
INFO      : init Operate_Ctl...
INFO      : init Operate_MySQL...
WARNING   : ctl_input_check_id() missing 2 required positional arguments: 'str_info' and 'int_type'
INFO      : init Operate_Ctl...
INFO      : init Operate_MySQL...
INFO      : ctl_input_check_len
INFO      : init Operate_Ctl...
INFO      : init Operate_MySQL...
INFO      : ctl_input_check_len
INFO      : mysql_select_author_by_id...
INFO      : init Operate_Ctl...
INFO      : init Operate_MySQL...
INFO      : ctl_input_check_len
INFO      : mysql_select_author_by_id...
INFO      : mysql_select_author_by_id...
INFO      : init Operate_Ctl...
INFO      : init Operate_MySQL...
INFO      : ctl_input_check_len
INFO      : mysql_select_author_by_id...
INFO      : init Operate_Ctl...
INFO      : init Operate_MySQL...
INFO      : ctl_input_check_len
INFO      : mysql_select_author_by_id...
INFO      : mysql_select_author_by_id...
INFO      : mysql_select_author_by_id...
INFO      : start
INFO      : init Operate_Ctl...
INFO      : init Operate_MySQL...
INFO      : init Operate_Ctl...
INFO      : init Operate_MySQL...
INFO      : ctl_input_check_len
INFO      : mysql_select_article_by_id...
INFO      : mysql_select_article_by_id...
INFO      : start
INFO      : init Operate_Ctl...
INFO      : init Operate_MySQL...
INFO      : start
INFO      : init Operate_Ctl...
INFO      : init Operate_MySQL...
INFO      : intit Operate_HTTPServer...
INFO      : init Operate_HTTPServer...
INFO      : server_start...
INFO      : init Operate_HTTPServer...
INFO      : server_start...
INFO      : init Operate_HTTPServer...
INFO      : server_start...
INFO      : init Operate_HTTPServer...
INFO      : server_start...
INFO      : init Operate_HTTPServer...
INFO      : server_start...
INFO      : start
INFO      : init Operate_Ctl...
INFO      : init Operate_MySQL...
INFO      : init Operate_Ctl...
INFO      : init Operate_MySQL...
INFO      : ctl_show_authors
INFO      : mysql_show_author...
INFO      : init Operate_Ctl...
INFO      : init Operate_MySQL...
INFO      : ctl_show_articles
INFO      : mysql_show_article...
INFO      : start
INFO      : init Operate_Ctl...
INFO      : init Operate_MySQL...
INFO      : init Operate_HTTPServer...
INFO      : server_start...
INFO      : server_show_homepage...
WARNING   : 'Operate_HTTPServer' object has no attribute 'server_show_error'
INFO      : init Operate_HTTPServer...
INFO      : server_start...
WARNING   : 'Operate_HTTPServer' object has no attribute 'server_show_error'
INFO      : init Operate_HTTPServer...
INFO      : server_start...
INFO      : server_show_homepage...
WARNING   : 'Operate_HTTPServer' object has no attribute 'server_show_error'
INFO      : init Operate_HTTPServer...
INFO      : server_start...
INFO      : server_show_homepage...
INFO      : server_show_errorpage...
INFO      : server_show_errorpage...
INFO      : server_show_errorpage...
INFO      : server_show_homepage...
INFO      : server_show_errorpage...
INFO      : server_select_article...
INFO      : server_show_jsonpage...
INFO      : server_show_errorpage...
INFO      : init Operate_HTTPServer...
INFO      : server_start...
INFO      : server_select_article...
INFO      : server_show_jsonpage...
INFO      : server_show_errorpage...
INFO      : init Operate_HTTPServer...
INFO      : server_start...
INFO      : init Operate_HTTPServer...
INFO      : server_start...
INFO      : server_show_homepage...
INFO      : server_show_errorpage...
INFO      : server_select_article...
INFO      : init Operate_MySQL...
INFO      : mysql_select_article_by_id...
INFO      : server_show_jsonpage...
INFO      : server_show_errorpage...
INFO      : server_select_article...
INFO      : init Operate_MySQL...
INFO      : mysql_show_article...
WARNING   : 'list' object has no attribute 'items'
INFO      : server_show_jsonpage...
INFO      : server_show_errorpage...
INFO      : server_select_article...
INFO      : init Operate_MySQL...
INFO      : mysql_show_article...
INFO      : init Operate_HTTPServer...
INFO      : server_start...
INFO      : server_select_article...
INFO      : init Operate_MySQL...
INFO      : mysql_show_article...
INFO      : server_show_jsonpage...
INFO      : server_show_errorpage...
INFO      : init Operate_Ctl...
INFO      : init Operate_MySQL...
INFO      : ctl_show_articles
INFO      : mysql_show_article...
INFO      : init Operate_HTTPServer...
INFO      : server_start...
INFO      : server_select_article...
INFO      : init Operate_MySQL...
INFO      : mysql_show_article...
INFO      : server_show_jsonpage...
INFO      : server_show_errorpage...
INFO      : init Operate_HTTPServer...
INFO      : server_start...
INFO      : server_select_article...
INFO      : init Operate_MySQL...
INFO      : mysql_show_article...
WARNING   : unsupported operand type(s) for +: 'int' and 'str'
INFO      : server_show_jsonpage...
INFO      : server_show_errorpage...
INFO      : server_select_article...
INFO      : init Operate_MySQL...
INFO      : mysql_show_article...
WARNING   : unsupported operand type(s) for +: 'int' and 'str'
INFO      : server_show_jsonpage...
INFO      : server_show_errorpage...
INFO      : init Operate_HTTPServer...
INFO      : server_start...
INFO      : init Operate_HTTPServer...
INFO      : server_start...
INFO      : server_select_article...
INFO      : init Operate_MySQL...
INFO      : mysql_show_article...
WARNING   : unsupported operand type(s) for +: 'int' and 'str'
INFO      : server_show_jsonpage...
INFO      : server_show_errorpage...
INFO      : server_select_article...
INFO      : init Operate_MySQL...
INFO      : mysql_show_article...
WARNING   : unsupported operand type(s) for +: 'int' and 'str'
INFO      : server_show_jsonpage...
INFO      : server_show_errorpage...
INFO      : server_select_article...
INFO      : init Operate_MySQL...
INFO      : mysql_show_article...
WARNING   : unsupported operand type(s) for +: 'int' and 'str'
INFO      : server_show_jsonpage...
INFO      : server_show_errorpage...
INFO      : server_select_article...
INFO      : init Operate_MySQL...
INFO      : mysql_show_article...
WARNING   : unsupported operand type(s) for +: 'int' and 'str'
INFO      : server_show_jsonpage...
INFO      : server_show_errorpage...
INFO      : server_select_article...
INFO      : init Operate_MySQL...
INFO      : mysql_show_article...
WARNING   : unsupported operand type(s) for +: 'int' and 'str'
INFO      : server_show_jsonpage...
INFO      : server_show_errorpage...
INFO      : server_select_article...
INFO      : init Operate_MySQL...
INFO      : mysql_show_article...
WARNING   : unsupported operand type(s) for +: 'int' and 'str'
INFO      : server_show_jsonpage...
INFO      : server_show_errorpage...
INFO      : server_select_article...
INFO      : init Operate_MySQL...
INFO      : mysql_show_article...
WARNING   : unsupported operand type(s) for +: 'int' and 'str'
INFO      : server_show_jsonpage...
INFO      : server_show_errorpage...
INFO      : server_select_article...
INFO      : init Operate_MySQL...
INFO      : mysql_show_article...
WARNING   : unsupported operand type(s) for +: 'int' and 'str'
INFO      : server_show_jsonpage...
INFO      : server_show_errorpage...
INFO      : server_select_article...
INFO      : init Operate_MySQL...
INFO      : mysql_show_article...
INFO      : init Operate_HTTPServer...
INFO      : server_start...
INFO      : server_select_article...
INFO      : init Operate_MySQL...
INFO      : mysql_show_article...
INFO      : server_show_jsonpage...
INFO      : server_show_errorpage...
INFO      : init Operate_Ctl...
INFO      : init Operate_MySQL...
INFO      : ctl_add_article
INFO      : ctl_input_check_len
INFO      : ctl_show_authors
INFO      : mysql_show_author...
INFO      : ctl_input_check_len
INFO      : mysql_select_author_by_id...
INFO      : ctl_input_check_len
INFO      : ctl_input_check_len
INFO      : mysql_add_article...
INFO      : mysql_show_article...
INFO      : init Operate_Ctl...
INFO      : init Operate_MySQL...
INFO      : ctl_show_articles
INFO      : mysql_show_article...
INFO      : server_select_article...
INFO      : init Operate_MySQL...
INFO      : mysql_show_article...
INFO      : server_show_jsonpage...
INFO      : server_show_errorpage...
INFO      : init Operate_HTTPServer...
INFO      : server_start...
INFO      : server_select_article...
INFO      : init Operate_MySQL...
INFO      : mysql_select_article_by_id...
INFO      : init Operate_HTTPServer...
INFO      : server_start...
INFO      : server_select_article...
INFO      : init Operate_MySQL...
INFO      : mysql_select_article_by_id...
INFO      : server_show_jsonpage...
INFO      : server_show_errorpage...
INFO      : server_select_article...
INFO      : init Operate_MySQL...
INFO      : mysql_select_article_by_id...
INFO      : server_show_jsonpage...
INFO      : server_show_errorpage...
INFO      : server_select_article...
INFO      : init Operate_MySQL...
INFO      : mysql_select_article_by_id...
INFO      : server_show_jsonpage...
INFO      : server_show_errorpage...
INFO      : init Operate_HTTPServer...
INFO      : init Operate_Redis...
INFO      : server_start...
INFO      : server_select_article...
INFO      : init Operate_MySQL...
INFO      : mysql_select_article_by_id...
INFO      : redis_count...
INFO      : server_show_jsonpage...
INFO      : server_show_errorpage...
INFO      : init Operate_Ctl...
INFO      : init Operate_MySQL...
INFO      : init Operate_Redis...
WARNING   : ctl_show_traffic() missing 1 required positional argument: 'str_article_id'
INFO      : init Operate_Ctl...
INFO      : init Operate_MySQL...
INFO      : init Operate_Redis...
INFO      : ctl_show_traffic...
INFO      : redis_query...
INFO      : init Operate_Ctl...
INFO      : init Operate_MySQL...
INFO      : init Operate_Redis...
INFO      : ctl_show_traffic...
INFO      : redis_query...
INFO      : init Operate_HTTPServer...
INFO      : init Operate_Redis...
INFO      : server_start...
INFO      : server_select_article...
INFO      : init Operate_MySQL...
INFO      : mysql_select_article_by_id...
INFO      : redis_count...
INFO      : server_show_jsonpage...
INFO      : server_show_errorpage...
INFO      : server_select_article...
INFO      : init Operate_MySQL...
INFO      : mysql_select_article_by_id...
INFO      : redis_count...
INFO      : server_show_jsonpage...
INFO      : server_show_errorpage...
INFO      : server_select_article...
INFO      : init Operate_MySQL...
INFO      : mysql_select_article_by_id...
INFO      : redis_count...
INFO      : server_show_jsonpage...
INFO      : server_show_errorpage...
INFO      : init Operate_HTTPServer...
INFO      : init Operate_Redis...
INFO      : server_start...
INFO      : server_select_article...
INFO      : init Operate_MySQL...
INFO      : mysql_select_article_by_id...
INFO      : init Operate_HTTPServer...
INFO      : init Operate_Redis...
INFO      : server_start...
INFO      : server_select_article...
INFO      : init Operate_MySQL...
INFO      : mysql_select_article_by_id...
INFO      : redis_count...
INFO      : server_show_jsonpage...
INFO      : server_show_errorpage...
INFO      : init Operate_Ctl...
INFO      : init Operate_MySQL...
INFO      : init Operate_Redis...
INFO      : ctl_show_traffic...
INFO      : redis_query...
INFO      : init Operate_HTTPServer...
INFO      : init Operate_Redis...
INFO      : server_start...
INFO      : server_select_article...
INFO      : init Operate_MySQL...
INFO      : mysql_select_article_by_id...
INFO      : redis_count...
INFO      : server_show_jsonpage...
INFO      : server_show_errorpage...
INFO      : server_select_article...
INFO      : init Operate_MySQL...
INFO      : mysql_select_article_by_id...
INFO      : redis_count...
INFO      : server_show_jsonpage...
INFO      : server_show_errorpage...
INFO      : init Operate_Ctl...
INFO      : init Operate_MySQL...
INFO      : init Operate_Redis...
INFO      : ctl_show_traffic...
INFO      : redis_query...
INFO      : init Operate_Ctl...
INFO      : init Operate_MySQL...
INFO      : init Operate_Redis...
INFO      : ctl_show_traffic...
INFO      : redis_query...
INFO      : start
INFO      : init Operate_Ctl...
INFO      : init Operate_MySQL...
INFO      : init Operate_Redis...
INFO      : init Operate_HTTPServer...
INFO      : init Operate_Redis...
INFO      : server_start...
INFO      : init Operate_HTTPServer...
INFO      : init Operate_Redis...
INFO      : server_start...
INFO      : server_show_homepage...
INFO      : server_show_errorpage...
INFO      : init Operate_HTTPServer...
INFO      : init Operate_Redis...
INFO      : server_start...
INFO      : server_show_homepage...
INFO      : server_show_errorpage...
INFO      : server_show_homepage...
INFO      : server_show_errorpage...
INFO      : server_show_homepage...
INFO      : server_show_errorpage...
INFO      : init Operate_HTTPServer...
INFO      : init Operate_Redis...
INFO      : server_start...
INFO      : start
INFO      : init Operate_Ctl...
INFO      : init Operate_MySQL...
INFO      : init Operate_Redis...
INFO      : init Operate_HTTPServer...
INFO      : init Operate_Redis...
INFO      : server_start...
INFO      : server_show_homepage...
INFO      : server_show_errorpage...
INFO      : init Operate_HTTPServer...
INFO      : init Operate_Redis...
WARNING   : can't pickle _thread.lock objects
INFO      : start
INFO      : start
INFO      : init Operate_Ctl...
INFO      : init Operate_MySQL...
INFO      : init Operate_Redis...
INFO      : init Operate_HTTPServer...
INFO      : init Operate_Redis...
INFO      : server_start...
INFO      : start
erate_HTTPServer...
INFO      : init Operate_Redis...
INFO      : server_start...
INFO      : server_show_homepage...
INFO      : server_show_errorpage...
